
> meditrack-client@0.1.0 build
> react-scripts build

Creating an optimized production build...
Compiled with warnings.

[eslint] 
src\components\RazorpayCheckout.jsx
  Line 13:3:   'Paper' is defined but never used                  no-unused-vars
  Line 14:3:   'Divider' is defined but never used                no-unused-vars
  Line 33:10:  'orderCreated' is assigned a value but never used  no-unused-vars

src\pages\LabDashboard.jsx
  Line 7:61:  'Container' is defined but never used  no-unused-vars

src\pages\TaskAllocation.jsx
  Line 4:3:    'Paper' is defined but never used            no-unused-vars
  Line 28:18:  'CheckCircleIcon' is defined but never used  no-unused-vars

src\pages\admin\Reports.jsx
  Line 81:10:  'selectedDoctorForComparison' is assigned a value but never used     no-unused-vars
  Line 81:39:  'setSelectedDoctorForComparison' is assigned a value but never used  no-unused-vars

src\pages\admin\ShiftManagement.jsx
  Line 32:10:  'errors' is assigned a value but never used             no-unused-vars
  Line 97:9:   'filteredStaffList' is assigned a value but never used  no-unused-vars

src\pages\admin\TaskAllocation.jsx
  Line 4:3:    'Paper' is defined but never used            no-unused-vars
  Line 29:18:  'CheckCircleIcon' is defined but never used  no-unused-vars

src\pages\lab\LabTestMaster.jsx
  Line 4:62:  'ToggleIcon' is defined but never used  no-unused-vars

Search for the keywords to learn more about each warning.
To ignore, add // eslint-disable-next-line to the line before.

File sizes after gzip:

  504.77 kB (+932 B)  build\static\js\main.03e45045.js
  46.36 kB            build\static\js\239.6e7277f8.chunk.js
  43.27 kB            build\static\js\455.f0a08dd4.chunk.js
  8.69 kB             build\static\js\977.f2ee1c49.chunk.js
  1.77 kB             build\static\js\453.a441ba67.chunk.js
  263 B               build\static\css\main.e6c13ad2.css

The project was built assuming it is hosted at /.
You can control this with the homepage field in your package.json.

The build folder is ready to be deployed.
You may serve it with a static server:

  npm install -g serve
  serve -s build

Find out more about deployment here:

  https://cra.link/deployment

